Determining if the pthread_create exist failed with the following output:
Change Dir: /home/juspch/workspace/Project3/build/CMakeFiles/CMakeTmp

Run Build Command:"/usr/bin/make" "cmTC_33d80/fast"
/usr/bin/make -f CMakeFiles/cmTC_33d80.dir/build.make CMakeFiles/cmTC_33d80.dir/build
make[1]: Entering directory '/home/juspch/workspace/Project3/build/CMakeFiles/CMakeTmp'
Building C object CMakeFiles/cmTC_33d80.dir/CheckSymbolExists.c.o
/usr/bin/cc     -o CMakeFiles/cmTC_33d80.dir/CheckSymbolExists.c.o   -c /home/juspch/workspace/Project3/build/CMakeFiles/CMakeTmp/CheckSymbolExists.c
Linking C executable cmTC_33d80
/usr/bin/cmake -E cmake_link_script CMakeFiles/cmTC_33d80.dir/link.txt --verbose=1
/usr/bin/cc       CMakeFiles/cmTC_33d80.dir/CheckSymbolExists.c.o  -o cmTC_33d80 -rdynamic 
CMakeFiles/cmTC_33d80.dir/CheckSymbolExists.c.o: In function `main':
CheckSymbolExists.c:(.text+0x16): undefined reference to `pthread_create'
collect2: error: ld returned 1 exit status
CMakeFiles/cmTC_33d80.dir/build.make:97: recipe for target 'cmTC_33d80' failed
make[1]: *** [cmTC_33d80] Error 1
make[1]: Leaving directory '/home/juspch/workspace/Project3/build/CMakeFiles/CMakeTmp'
Makefile:126: recipe for target 'cmTC_33d80/fast' failed
make: *** [cmTC_33d80/fast] Error 2

File /home/juspch/workspace/Project3/build/CMakeFiles/CMakeTmp/CheckSymbolExists.c:
/* */
#include <pthread.h>

int main(int argc, char** argv)
{
  (void)argv;
#ifndef pthread_create
  return ((int*)(&pthread_create))[argc];
#else
  (void)argc;
  return 0;
#endif
}

Determining if the function pthread_create exists in the pthreads failed with the following output:
Change Dir: /home/juspch/workspace/Project3/build/CMakeFiles/CMakeTmp

Run Build Command:"/usr/bin/make" "cmTC_ecf3d/fast"
/usr/bin/make -f CMakeFiles/cmTC_ecf3d.dir/build.make CMakeFiles/cmTC_ecf3d.dir/build
make[1]: Entering directory '/home/juspch/workspace/Project3/build/CMakeFiles/CMakeTmp'
Building C object CMakeFiles/cmTC_ecf3d.dir/CheckFunctionExists.c.o
/usr/bin/cc    -DCHECK_FUNCTION_EXISTS=pthread_create   -o CMakeFiles/cmTC_ecf3d.dir/CheckFunctionExists.c.o   -c /usr/share/cmake-3.5/Modules/CheckFunctionExists.c
Linking C executable cmTC_ecf3d
/usr/bin/cmake -E cmake_link_script CMakeFiles/cmTC_ecf3d.dir/link.txt --verbose=1
/usr/bin/cc   -DCHECK_FUNCTION_EXISTS=pthread_create    CMakeFiles/cmTC_ecf3d.dir/CheckFunctionExists.c.o  -o cmTC_ecf3d -rdynamic -lpthreads 
/usr/bin/ld: cannot find -lpthreads
collect2: error: ld returned 1 exit status
CMakeFiles/cmTC_ecf3d.dir/build.make:97: recipe for target 'cmTC_ecf3d' failed
make[1]: *** [cmTC_ecf3d] Error 1
make[1]: Leaving directory '/home/juspch/workspace/Project3/build/CMakeFiles/CMakeTmp'
Makefile:126: recipe for target 'cmTC_ecf3d/fast' failed
make: *** [cmTC_ecf3d/fast] Error 2


